
4월 07, 2021 22:40:15.48 NEW SESSION
4월 07, 2021 22:40:15.48 [15924:8752:0407/224015.477:ERROR:device_event_log_impl.cc(214)] [22:40:15.477] USB: usb_device_handle_win.cc:1056 Failed to read descriptor from node connection: 시스템에 부착된 장치가 작동하지 않습니다. (0x1F)
4월 07, 2021 23:17:12.64 [5020:16360:0407/231712.642:ERROR:device_event_log_impl.cc(214)] [23:17:12.642] USB: usb_device_handle_win.cc:1056 Failed to read descriptor from node connection: 시스템에 부착된 장치가 작동하지 않습니다. (0x1F)
4월 08, 2021 01:06:34.71 [5020:16360:0408/010634.711:ERROR:CONSOLE(1)] "No document", source: devtools://devtools/bundled/sdk/sdk.js (1)
4월 08, 2021 01:12:30.14 [5020:16360:0408/011230.144:ERROR:CONSOLE(1)] "No document", source: devtools://devtools/bundled/sdk/sdk.js (1)
4월 08, 2021 01:12:50.46 [5020:16360:0408/011250.467:ERROR:CONSOLE(1)] "No document", source: devtools://devtools/bundled/sdk/sdk.js (1)
4월 08, 2021 01:13:23.82 [5020:16360:0408/011323.829:ERROR:CONSOLE(1)] "No document", source: devtools://devtools/bundled/sdk/sdk.js (1)
4월 08, 2021 01:13:34.26 [5020:16360:0408/011334.260:ERROR:CONSOLE(1)] "No document", source: devtools://devtools/bundled/sdk/sdk.js (1)
4월 08, 2021 01:13:44.86 [5020:16360:0408/011344.864:ERROR:CONSOLE(1)] "No document", source: devtools://devtools/bundled/sdk/sdk.js (1)
4월 08, 2021 01:13:46.53 [5020:16360:0408/011346.539:ERROR:CONSOLE(1)] "No document", source: devtools://devtools/bundled/sdk/sdk.js (1)
4월 08, 2021 01:15:43.80 [5020:16360:0408/011543.801:ERROR:CONSOLE(1)] "No document", source: devtools://devtools/bundled/sdk/sdk.js (1)
4월 08, 2021 01:16:04.32 [5020:16360:0408/011604.327:ERROR:CONSOLE(1)] "No document", source: devtools://devtools/bundled/sdk/sdk.js (1)
4월 08, 2021 01:16:14.62 [5020:16360:0408/011614.623:ERROR:CONSOLE(1)] "No document", source: devtools://devtools/bundled/sdk/sdk.js (1)
4월 08, 2021 01:16:44.73 [5020:16360:0408/011644.735:ERROR:CONSOLE(1)] "No document", source: devtools://devtools/bundled/sdk/sdk.js (1)
4월 08, 2021 01:17:05.47 [5020:16360:0408/011705.479:ERROR:CONSOLE(1)] "No document", source: devtools://devtools/bundled/sdk/sdk.js (1)
4월 08, 2021 01:17:06.39 [5020:16360:0408/011706.389:ERROR:CONSOLE(1)] "No document", source: devtools://devtools/bundled/sdk/sdk.js (1)
4월 08, 2021 01:17:29.22 [5020:16360:0408/011729.220:ERROR:CONSOLE(1)] "No document", source: devtools://devtools/bundled/sdk/sdk.js (1)
4월 08, 2021 01:17:49.83 [5020:16360:0408/011749.836:ERROR:CONSOLE(1)] "No document", source: devtools://devtools/bundled/sdk/sdk.js (1)
4월 08, 2021 01:17:53.95 [5020:16360:0408/011753.950:ERROR:CONSOLE(1)] "No document", source: devtools://devtools/bundled/sdk/sdk.js (1)
4월 08, 2021 01:18:10.86 [5020:16360:0408/011810.862:ERROR:CONSOLE(1)] "No document", source: devtools://devtools/bundled/sdk/sdk.js (1)
4월 08, 2021 01:18:16.24 [5020:16360:0408/011816.241:ERROR:CONSOLE(1)] "No document", source: devtools://devtools/bundled/sdk/sdk.js (1)
4월 08, 2021 01:18:18.62 [5020:16360:0408/011818.628:ERROR:CONSOLE(1)] "No document", source: devtools://devtools/bundled/sdk/sdk.js (1)
4월 08, 2021 01:18:21.01 [5020:16360:0408/011821.013:ERROR:CONSOLE(1)] "No document", source: devtools://devtools/bundled/sdk/sdk.js (1)
4월 08, 2021 01:20:52.93 [5020:16360:0408/012052.932:ERROR:CONSOLE(1)] "No document", source: devtools://devtools/bundled/sdk/sdk.js (1)
4월 08, 2021 01:27:26.99 [5020:16360:0408/012726.990:ERROR:CONSOLE(1)] "No document", source: devtools://devtools/bundled/sdk/sdk.js (1)
4월 08, 2021 01:28:44.48 [5020:16360:0408/012844.487:ERROR:CONSOLE(1)] "No document", source: devtools://devtools/bundled/sdk/sdk.js (1)
4월 08, 2021 01:28:54.47 [5020:16360:0408/012854.473:ERROR:CONSOLE(1)] "No document", source: devtools://devtools/bundled/sdk/sdk.js (1)
4월 08, 2021 01:29:14.51 [5020:16360:0408/012914.511:ERROR:CONSOLE(1)] "No document", source: devtools://devtools/bundled/sdk/sdk.js (1)
4월 08, 2021 01:29:23.27 [5020:16360:0408/012923.272:ERROR:CONSOLE(1)] "No document", source: devtools://devtools/bundled/sdk/sdk.js (1)
4월 08, 2021 01:30:01.21 [5020:16360:0408/013001.214:ERROR:CONSOLE(1)] "No document", source: devtools://devtools/bundled/sdk/sdk.js (1)
4월 08, 2021 01:30:12.97 [5020:16360:0408/013012.973:ERROR:CONSOLE(1)] "No document", source: devtools://devtools/bundled/sdk/sdk.js (1)
4월 08, 2021 01:30:27.86 [5020:16360:0408/013027.867:ERROR:CONSOLE(1)] "No document", source: devtools://devtools/bundled/sdk/sdk.js (1)
4월 08, 2021 01:30:44.83 [5020:16360:0408/013044.833:ERROR:CONSOLE(1)] "No document", source: devtools://devtools/bundled/sdk/sdk.js (1)
4월 08, 2021 01:30:46.51 [5020:16360:0408/013046.511:ERROR:CONSOLE(1)] "No document", source: devtools://devtools/bundled/sdk/sdk.js (1)
4월 08, 2021 01:30:48.99 [5020:16360:0408/013048.997:ERROR:CONSOLE(1)] "No document", source: devtools://devtools/bundled/sdk/sdk.js (1)
4월 08, 2021 01:30:50.61 [5020:16360:0408/013050.613:ERROR:CONSOLE(1)] "No document", source: devtools://devtools/bundled/sdk/sdk.js (1)
4월 08, 2021 01:31:05.29 [5020:16360:0408/013105.297:ERROR:CONSOLE(1)] "No document", source: devtools://devtools/bundled/sdk/sdk.js (1)
4월 08, 2021 01:32:18.09 [5020:16360:0408/013218.097:ERROR:CONSOLE(1)] "No document", source: devtools://devtools/bundled/sdk/sdk.js (1)
4월 08, 2021 01:32:53.51 [5020:16360:0408/013253.514:ERROR:CONSOLE(1)] "No document", source: devtools://devtools/bundled/sdk/sdk.js (1)
4월 08, 2021 01:33:13.30 [5020:16360:0408/013313.300:ERROR:CONSOLE(1)] "No document", source: devtools://devtools/bundled/sdk/sdk.js (1)
4월 08, 2021 01:35:15.08 [5020:16360:0408/013515.086:ERROR:CONSOLE(1)] "No document", source: devtools://devtools/bundled/sdk/sdk.js (1)
4월 08, 2021 01:53:26.34 [5020:16360:0408/015326.340:ERROR:CONSOLE(1)] "No document", source: devtools://devtools/bundled/sdk/sdk.js (1)
4월 08, 2021 01:57:09.44 [5020:16360:0408/015709.445:ERROR:CONSOLE(1)] "No document", source: devtools://devtools/bundled/sdk/sdk.js (1)
4월 08, 2021 02:23:18.31 [5020:16360:0408/022318.314:ERROR:CONSOLE(1)] "No document", source: devtools://devtools/bundled/sdk/sdk.js (1)
4월 08, 2021 02:45:12.14 [5020:16360:0408/024512.149:ERROR:CONSOLE(1)] "No document", source: devtools://devtools/bundled/sdk/sdk.js (1)
4월 08, 2021 02:45:29.75 [5020:16360:0408/024529.756:ERROR:CONSOLE(1)] "No document", source: devtools://devtools/bundled/sdk/sdk.js (1)
4월 08, 2021 03:43:17.28 [5020:16360:0408/034317.286:ERROR:CONSOLE(1)] "No document", source: devtools://devtools/bundled/sdk/sdk.js (1)

4월 08, 2021 15:35:22.93 NEW SESSION
4월 08, 2021 15:35:22.93 [15344:16988:0408/153522.927:ERROR:device_event_log_impl.cc(214)] [15:35:22.926] USB: usb_device_handle_win.cc:1056 Failed to read descriptor from node connection: 시스템에 부착된 장치가 작동하지 않습니다. (0x1F)
4월 08, 2021 15:55:44.32 [12776:12540:0408/155544.326:ERROR:device_event_log_impl.cc(214)] [15:55:44.325] USB: usb_device_handle_win.cc:1056 Failed to read descriptor from node connection: 시스템에 부착된 장치가 작동하지 않습니다. (0x1F)
4월 08, 2021 15:56:05.70 [12776:12540:0408/155605.703:ERROR:CONSOLE(1)] "No document", source: devtools://devtools/bundled/sdk/sdk.js (1)
4월 08, 2021 16:03:49.70 [12776:12540:0408/160349.701:ERROR:CONSOLE(1)] "No document", source: devtools://devtools/bundled/sdk/sdk.js (1)
4월 08, 2021 16:10:29.90 [12776:12540:0408/161029.908:ERROR:CONSOLE(1)] "No document", source: devtools://devtools/bundled/sdk/sdk.js (1)
4월 08, 2021 16:25:52.84 [12776:12540:0408/162552.842:ERROR:CONSOLE(1)] "No document", source: devtools://devtools/bundled/sdk/sdk.js (1)
4월 08, 2021 16:25:59.41 [12776:12540:0408/162559.417:ERROR:CONSOLE(1)] "No document", source: devtools://devtools/bundled/sdk/sdk.js (1)
4월 08, 2021 16:26:02.03 [12776:12540:0408/162602.032:ERROR:CONSOLE(1)] "No document", source: devtools://devtools/bundled/sdk/sdk.js (1)
4월 08, 2021 16:26:03.80 [12776:12540:0408/162603.808:ERROR:CONSOLE(1)] "No document", source: devtools://devtools/bundled/sdk/sdk.js (1)
4월 08, 2021 16:26:04.94 [12776:12540:0408/162604.946:ERROR:CONSOLE(1)] "No document", source: devtools://devtools/bundled/sdk/sdk.js (1)
4월 08, 2021 16:26:07.51 [12776:12540:0408/162607.516:ERROR:CONSOLE(1)] "No document", source: devtools://devtools/bundled/sdk/sdk.js (1)
4월 08, 2021 16:30:54.08 [2232:6372:0408/163054.083:ERROR:device_event_log_impl.cc(214)] [16:30:54.084] USB: usb_device_handle_win.cc:1056 Failed to read descriptor from node connection: 시스템에 부착된 장치가 작동하지 않습니다. (0x1F)
4월 08, 2021 16:45:09.04 [2232:6372:0408/164509.047:ERROR:CONSOLE(1)] "No document", source: devtools://devtools/bundled/sdk/sdk.js (1)
4월 08, 2021 16:47:55.49 [2232:6372:0408/164755.489:ERROR:CONSOLE(1)] "No document", source: devtools://devtools/bundled/sdk/sdk.js (1)
4월 08, 2021 17:06:43.56 [2232:6372:0408/170643.559:ERROR:CONSOLE(1)] "No document", source: devtools://devtools/bundled/sdk/sdk.js (1)
4월 08, 2021 17:06:48.29 [2232:6372:0408/170648.291:ERROR:CONSOLE(1)] "No document", source: devtools://devtools/bundled/sdk/sdk.js (1)
4월 08, 2021 17:16:02.25 [2232:6372:0408/171602.256:ERROR:CONSOLE(1)] "No document", source: devtools://devtools/bundled/sdk/sdk.js (1)
4월 08, 2021 18:33:18.08 [2232:6372:0408/183318.082:ERROR:device_event_log_impl.cc(214)] [18:33:18.081] USB: usb_service_win.cc:258 Failed to get device driver name: 요소가 없습니다. (0x490)
4월 08, 2021 18:33:18.09 [2232:6372:0408/183318.095:ERROR:device_event_log_impl.cc(214)] [18:33:18.095] USB: usb_service_win.cc:281 SetupDiEnumDeviceInterfaces: 사용 가능한 데이터가 없습니다. (0x103)
4월 08, 2021 18:36:53.55 [2232:6372:0408/183653.557:ERROR:CONSOLE(1)] "No document", source: devtools://devtools/bundled/sdk/sdk.js (1)
4월 08, 2021 18:36:59.40 [2232:6372:0408/183659.408:ERROR:CONSOLE(1)] "No document", source: devtools://devtools/bundled/sdk/sdk.js (1)
4월 08, 2021 18:39:18.88 [2232:6372:0408/183918.886:ERROR:CONSOLE(1)] "No document", source: devtools://devtools/bundled/sdk/sdk.js (1)
4월 08, 2021 18:39:22.51 [2232:6372:0408/183922.516:ERROR:CONSOLE(1)] "No document", source: devtools://devtools/bundled/sdk/sdk.js (1)
4월 08, 2021 18:39:39.15 [2232:6372:0408/183939.156:ERROR:CONSOLE(1)] "No document", source: devtools://devtools/bundled/sdk/sdk.js (1)
4월 08, 2021 18:39:43.96 [2232:6372:0408/183943.968:ERROR:CONSOLE(1)] "No document", source: devtools://devtools/bundled/sdk/sdk.js (1)
4월 08, 2021 18:40:14.60 [2232:6372:0408/184014.607:ERROR:CONSOLE(1)] "No document", source: devtools://devtools/bundled/sdk/sdk.js (1)
4월 08, 2021 18:40:17.38 [2232:6372:0408/184017.387:ERROR:CONSOLE(1)] "No document", source: devtools://devtools/bundled/sdk/sdk.js (1)
4월 08, 2021 18:40:40.25 [2232:6372:0408/184040.251:ERROR:CONSOLE(1)] "No document", source: devtools://devtools/bundled/sdk/sdk.js (1)
4월 08, 2021 19:13:37.59 [2232:6372:0408/191337.594:ERROR:CONSOLE(1)] "No document", source: devtools://devtools/bundled/sdk/sdk.js (1)
4월 08, 2021 19:13:41.25 [2232:6372:0408/191341.251:ERROR:CONSOLE(1)] "No document", source: devtools://devtools/bundled/sdk/sdk.js (1)
4월 08, 2021 19:13:52.42 [2232:6372:0408/191352.427:ERROR:CONSOLE(1)] "No document", source: devtools://devtools/bundled/sdk/sdk.js (1)
4월 08, 2021 19:17:21.32 [2232:6372:0408/191721.326:ERROR:CONSOLE(1)] "No document", source: devtools://devtools/bundled/sdk/sdk.js (1)
4월 08, 2021 19:17:55.75 [2232:6372:0408/191755.755:ERROR:CONSOLE(1)] "No document", source: devtools://devtools/bundled/sdk/sdk.js (1)
4월 08, 2021 19:27:40.14 [2232:6372:0408/192740.140:ERROR:CONSOLE(1)] "No document", source: devtools://devtools/bundled/sdk/sdk.js (1)
4월 08, 2021 19:27:45.12 [2232:6372:0408/192745.128:ERROR:CONSOLE(1)] "No document", source: devtools://devtools/bundled/sdk/sdk.js (1)
4월 08, 2021 19:28:05.72 [2232:6372:0408/192805.720:ERROR:CONSOLE(1)] "No document", source: devtools://devtools/bundled/sdk/sdk.js (1)

4월 09, 2021 09:37:16.65 NEW SESSION
4월 09, 2021 09:37:16.65 [15140:13356:0409/093716.655:ERROR:device_event_log_impl.cc(214)] [09:37:16.655] USB: usb_device_handle_win.cc:1056 Failed to read descriptor from node connection: 시스템에 부착된 장치가 작동하지 않습니다. (0x1F)
4월 09, 2021 09:37:16.65 [15140:13356:0409/093716.657:ERROR:device_event_log_impl.cc(214)] [09:37:16.657] USB: usb_device_handle_win.cc:1056 Failed to read descriptor from node connection: 시스템에 부착된 장치가 작동하지 않습니다. (0x1F)
4월 09, 2021 09:39:58.79 [4468:10668:0409/093958.797:ERROR:device_event_log_impl.cc(214)] [09:39:58.798] USB: usb_device_handle_win.cc:1056 Failed to read descriptor from node connection: 시스템에 부착된 장치가 작동하지 않습니다. (0x1F)
4월 09, 2021 09:40:22.54 [15284:8456:0409/094022.546:ERROR:device_event_log_impl.cc(214)] [09:40:22.547] USB: usb_device_handle_win.cc:1056 Failed to read descriptor from node connection: 시스템에 부착된 장치가 작동하지 않습니다. (0x1F)
4월 09, 2021 09:40:22.54 [15284:8456:0409/094022.546:ERROR:device_event_log_impl.cc(214)] [09:40:22.547] USB: usb_device_handle_win.cc:1056 Failed to read descriptor from node connection: 시스템에 부착된 장치가 작동하지 않습니다. (0x1F)
4월 09, 2021 09:42:03.09 [13280:6872:0409/094203.090:ERROR:device_event_log_impl.cc(214)] [09:42:03.090] USB: usb_device_handle_win.cc:1056 Failed to read descriptor from node connection: 시스템에 부착된 장치가 작동하지 않습니다. (0x1F)
4월 09, 2021 09:42:03.09 [13280:6872:0409/094203.090:ERROR:device_event_log_impl.cc(214)] [09:42:03.090] USB: usb_device_handle_win.cc:1056 Failed to read descriptor from node connection: 시스템에 부착된 장치가 작동하지 않습니다. (0x1F)
